Active-HDL 13.0.376.8320 2022-10-25 09:01:22

Elaboration top modules:
Architecture                  addAlu(addition)


-------------------------------------------------------------------------------------------
Entity   | Architecture | Library | Info | Compiler Version          | Compilation Options
-------------------------------------------------------------------------------------------
addition | addAlu       | alu     |      | 13.0.376.8320 (Windows64) | -O3
-------------------------------------------------------------------------------------------

-------------------------------------------------------------------------------------------
VHDL Package            | Library | Info | Compiler Version          | Compilation Options
-------------------------------------------------------------------------------------------
standard                | std     |      |                           | <unavailable>
TEXTIO                  | std     |      | 13.0.376.8320 (Windows64) |  -2019
std_logic_1164          | ieee    |      | 13.0.376.8320 (Windows64) |  -2008
NUMERIC_STD             | ieee    |      | 13.0.376.8320 (Windows64) |  -2008
-------------------------------------------------------------------------------------------

-------------------------------------------------------------------------------------------
Library                 | Comment
-------------------------------------------------------------------------------------------
alu                     | None
ieee                    | Standard IEEE packages library
std                     | Standard VHDL library
-------------------------------------------------------------------------------------------
