acom -O3 -e 100 -work ALU -2002  $dsn/src/ALU.vhd
# Warning: DAGGEN_0523: The source is compiled without the -dbg switch. Line breakpoints and assertion debug will not be available.
# File: C:/Users/seene/Desktop/Stony Brook/Fall 2022/ESE 345/Project/Pipelined-SIMD-multimedia-unit-design/Part1/MultimediaALU/ALU/src/ALU.vhd
# Compile Entity "aluIO"
# Error: COMP96_0019: ALU.vhd : (14, 2): Keyword 'end' expected.
# Error: COMP96_0015: ALU.vhd : (14, 2): ';' expected.
# Error: COMP96_0016: ALU.vhd : (14, 9): Design unit declaration expected.
# Compile Architecture "alu" of Entity "aluIO"
# Error: COMP96_0019: ALU.vhd : (30, 67): Keyword 'then' expected.
# Error: COMP96_0015: ALU.vhd : (31, 7): ';' expected.
# Error: COMP96_0025: ALU.vhd : (32, 15): Identifier or string literal expected.
# Error: COMP96_0019: ALU.vhd : (41, 67): Keyword 'then' expected.
# Error: COMP96_0015: ALU.vhd : (42, 7): ';' expected.
# Error: COMP96_0025: ALU.vhd : (43, 15): Identifier or string literal expected.
# Error: COMP96_0019: ALU.vhd : (51, 67): Keyword 'then' expected.
# Error: COMP96_0015: ALU.vhd : (52, 7): ';' expected.
# Error: COMP96_0025: ALU.vhd : (53, 15): Identifier or string literal expected.
# Error: COMP96_0019: ALU.vhd : (60, 72): Keyword 'then' expected.
# Error: COMP96_0015: ALU.vhd : (61, 7): ';' expected.
# Error: COMP96_0025: ALU.vhd : (62, 15): Identifier or string literal expected.
# Error: COMP96_0019: ALU.vhd : (70, 68): Keyword 'then' expected.
# Error: COMP96_0015: ALU.vhd : (71, 7): ';' expected.
# Error: COMP96_0025: ALU.vhd : (72, 15): Identifier or string literal expected.
# Error: COMP96_0019: ALU.vhd : (80, 72): Keyword 'then' expected.
# Error: COMP96_0015: ALU.vhd : (81, 7): ';' expected.
# Error: COMP96_0025: ALU.vhd : (82, 15): Identifier or string literal expected.
# Error: COMP96_0018: ALU.vhd : (85, 65): Identifier expected.
# Error: COMP96_0015: ALU.vhd : (89, 3): ';' expected.
# Error: COMP96_0049: ALU.vhd : (89, 35): Syntax error in expression.
# Error: COMP96_0015: ALU.vhd : (91, 11): ';' expected.
# Error: COMP96_0015: ALU.vhd : (91, 19): ';' expected.
# Error: COMP96_0015: ALU.vhd : (91, 27): ';' expected.
# Error: COMP96_0019: ALU.vhd : (91, 27): Keyword 'end' expected.
# Error: COMP96_0019: ALU.vhd : (93, 6): Keyword 'if' expected.
# Error: COMP96_0015: ALU.vhd : (93, 6): ';' expected.
# Error: COMP96_0019: ALU.vhd : (97, 2): Keyword 'end' expected.
# Error: COMP96_0018: ALU.vhd : (97, 63): Identifier expected.
# Error: COMP96_0015: ALU.vhd : (101, 3): ';' expected.
# Error: COMP96_0049: ALU.vhd : (101, 35): Syntax error in expression.
# Error: COMP96_0015: ALU.vhd : (103, 11): ';' expected.
# Error: COMP96_0015: ALU.vhd : (103, 19): ';' expected.
# Error: COMP96_0015: ALU.vhd : (103, 27): ';' expected.
# Error: COMP96_0019: ALU.vhd : (103, 27): Keyword 'end' expected.
# Error: COMP96_0019: ALU.vhd : (105, 6): Keyword 'if' expected.
# Error: COMP96_0015: ALU.vhd : (105, 6): ';' expected.
# Error: COMP96_0019: ALU.vhd : (108, 1): Keyword 'end' expected.
# Error: COMP96_0019: ALU.vhd : (109, 2): Keyword 'end' expected.
# Error: COMP96_0016: ALU.vhd : (109, 9): Design unit declaration expected.
# Error: COMP96_0019: ALU.vhd : (206, 21): Keyword 'of' expected.
# Error: COMP96_0018: ALU.vhd : (206, 21): Identifier expected.
# Compile failure 45 Errors 0 Warnings  Analysis time :  0.0 [ms]
acom -O3 -e 100 -work ALU -2002  $dsn/src/ALU.vhd
# Warning: DAGGEN_0523: The source is compiled without the -dbg switch. Line breakpoints and assertion debug will not be available.
# File: C:/Users/seene/Desktop/Stony Brook/Fall 2022/ESE 345/Project/Pipelined-SIMD-multimedia-unit-design/Part1/MultimediaALU/ALU/src/ALU.vhd
# Compile Entity "aluIO"
# Error: COMP96_0019: ALU.vhd : (14, 2): Keyword 'end' expected.
# Error: COMP96_0015: ALU.vhd : (14, 2): ';' expected.
# Error: COMP96_0016: ALU.vhd : (14, 9): Design unit declaration expected.
# Compile Architecture "alu" of Entity "aluIO"
# Error: COMP96_0019: ALU.vhd : (30, 67): Keyword 'then' expected.
# Error: COMP96_0015: ALU.vhd : (31, 7): ';' expected.
# Error: COMP96_0025: ALU.vhd : (32, 15): Identifier or string literal expected.
# Error: COMP96_0019: ALU.vhd : (41, 67): Keyword 'then' expected.
# Error: COMP96_0015: ALU.vhd : (42, 7): ';' expected.
# Error: COMP96_0025: ALU.vhd : (43, 15): Identifier or string literal expected.
# Error: COMP96_0019: ALU.vhd : (51, 67): Keyword 'then' expected.
# Error: COMP96_0015: ALU.vhd : (52, 7): ';' expected.
# Error: COMP96_0025: ALU.vhd : (53, 15): Identifier or string literal expected.
# Error: COMP96_0019: ALU.vhd : (60, 72): Keyword 'then' expected.
# Error: COMP96_0015: ALU.vhd : (61, 7): ';' expected.
# Error: COMP96_0025: ALU.vhd : (62, 15): Identifier or string literal expected.
# Error: COMP96_0019: ALU.vhd : (70, 68): Keyword 'then' expected.
# Error: COMP96_0015: ALU.vhd : (71, 7): ';' expected.
# Error: COMP96_0025: ALU.vhd : (72, 15): Identifier or string literal expected.
# Error: COMP96_0019: ALU.vhd : (80, 72): Keyword 'then' expected.
# Error: COMP96_0015: ALU.vhd : (81, 7): ';' expected.
# Error: COMP96_0025: ALU.vhd : (82, 15): Identifier or string literal expected.
# Error: COMP96_0018: ALU.vhd : (85, 65): Identifier expected.
# Error: COMP96_0015: ALU.vhd : (89, 3): ';' expected.
# Error: COMP96_0049: ALU.vhd : (89, 35): Syntax error in expression.
# Error: COMP96_0015: ALU.vhd : (91, 11): ';' expected.
# Error: COMP96_0015: ALU.vhd : (91, 19): ';' expected.
# Error: COMP96_0015: ALU.vhd : (91, 27): ';' expected.
# Error: COMP96_0019: ALU.vhd : (91, 27): Keyword 'end' expected.
# Error: COMP96_0019: ALU.vhd : (93, 6): Keyword 'if' expected.
# Error: COMP96_0015: ALU.vhd : (93, 6): ';' expected.
# Error: COMP96_0019: ALU.vhd : (97, 2): Keyword 'end' expected.
# Error: COMP96_0018: ALU.vhd : (97, 63): Identifier expected.
# Error: COMP96_0015: ALU.vhd : (101, 3): ';' expected.
# Error: COMP96_0049: ALU.vhd : (101, 35): Syntax error in expression.
# Error: COMP96_0015: ALU.vhd : (103, 11): ';' expected.
# Error: COMP96_0015: ALU.vhd : (103, 19): ';' expected.
# Error: COMP96_0015: ALU.vhd : (103, 27): ';' expected.
# Error: COMP96_0019: ALU.vhd : (103, 27): Keyword 'end' expected.
# Error: COMP96_0019: ALU.vhd : (105, 6): Keyword 'if' expected.
# Error: COMP96_0015: ALU.vhd : (105, 6): ';' expected.
# Error: COMP96_0019: ALU.vhd : (108, 1): Keyword 'end' expected.
# Error: COMP96_0019: ALU.vhd : (109, 2): Keyword 'end' expected.
# Error: COMP96_0016: ALU.vhd : (109, 9): Design unit declaration expected.
# Error: COMP96_0019: ALU.vhd : (206, 21): Keyword 'of' expected.
# Error: COMP96_0018: ALU.vhd : (206, 21): Identifier expected.
# Compile failure 45 Errors 0 Warnings  Analysis time :  0.0 [ms]
acom -O3 -e 100 -work ALU -2002  $dsn/src/ALU.vhd
# Warning: DAGGEN_0523: The source is compiled without the -dbg switch. Line breakpoints and assertion debug will not be available.
# File: C:/Users/seene/Desktop/Stony Brook/Fall 2022/ESE 345/Project/Pipelined-SIMD-multimedia-unit-design/Part1/MultimediaALU/ALU/src/ALU.vhd
# Compile Entity "aluIO"
# Compile Architecture "alu" of Entity "aluIO"
# Error: COMP96_0019: ALU.vhd : (31, 67): Keyword 'then' expected.
# Error: COMP96_0015: ALU.vhd : (32, 7): ';' expected.
# Error: COMP96_0025: ALU.vhd : (33, 15): Identifier or string literal expected.
# Error: COMP96_0019: ALU.vhd : (42, 67): Keyword 'then' expected.
# Error: COMP96_0015: ALU.vhd : (43, 7): ';' expected.
# Error: COMP96_0025: ALU.vhd : (44, 15): Identifier or string literal expected.
# Error: COMP96_0019: ALU.vhd : (52, 67): Keyword 'then' expected.
# Error: COMP96_0015: ALU.vhd : (53, 7): ';' expected.
# Error: COMP96_0025: ALU.vhd : (54, 15): Identifier or string literal expected.
# Error: COMP96_0019: ALU.vhd : (61, 72): Keyword 'then' expected.
# Error: COMP96_0015: ALU.vhd : (62, 7): ';' expected.
# Error: COMP96_0025: ALU.vhd : (63, 15): Identifier or string literal expected.
# Error: COMP96_0019: ALU.vhd : (71, 68): Keyword 'then' expected.
# Error: COMP96_0015: ALU.vhd : (72, 7): ';' expected.
# Error: COMP96_0025: ALU.vhd : (73, 15): Identifier or string literal expected.
# Error: COMP96_0019: ALU.vhd : (81, 72): Keyword 'then' expected.
# Error: COMP96_0015: ALU.vhd : (82, 7): ';' expected.
# Error: COMP96_0025: ALU.vhd : (83, 15): Identifier or string literal expected.
# Error: COMP96_0018: ALU.vhd : (86, 65): Identifier expected.
# Error: COMP96_0015: ALU.vhd : (90, 3): ';' expected.
# Error: COMP96_0049: ALU.vhd : (90, 35): Syntax error in expression.
# Error: COMP96_0015: ALU.vhd : (92, 11): ';' expected.
# Error: COMP96_0015: ALU.vhd : (92, 19): ';' expected.
# Error: COMP96_0015: ALU.vhd : (92, 27): ';' expected.
# Error: COMP96_0019: ALU.vhd : (92, 27): Keyword 'end' expected.
# Error: COMP96_0019: ALU.vhd : (94, 6): Keyword 'if' expected.
# Error: COMP96_0015: ALU.vhd : (94, 6): ';' expected.
# Error: COMP96_0019: ALU.vhd : (98, 2): Keyword 'end' expected.
# Error: COMP96_0018: ALU.vhd : (98, 63): Identifier expected.
# Error: COMP96_0015: ALU.vhd : (102, 3): ';' expected.
# Error: COMP96_0049: ALU.vhd : (102, 35): Syntax error in expression.
# Error: COMP96_0015: ALU.vhd : (104, 11): ';' expected.
# Error: COMP96_0015: ALU.vhd : (104, 19): ';' expected.
# Error: COMP96_0015: ALU.vhd : (104, 27): ';' expected.
# Error: COMP96_0019: ALU.vhd : (104, 27): Keyword 'end' expected.
# Error: COMP96_0019: ALU.vhd : (106, 6): Keyword 'if' expected.
# Error: COMP96_0015: ALU.vhd : (106, 6): ';' expected.
# Error: COMP96_0019: ALU.vhd : (109, 1): Keyword 'end' expected.
# Error: COMP96_0019: ALU.vhd : (110, 2): Keyword 'end' expected.
# Error: COMP96_0016: ALU.vhd : (110, 9): Design unit declaration expected.
# Error: COMP96_0019: ALU.vhd : (207, 21): Keyword 'of' expected.
# Error: COMP96_0018: ALU.vhd : (207, 21): Identifier expected.
# Compile failure 42 Errors 0 Warnings  Analysis time :  16.0 [ms]
acom -O3 -e 100 -work ALU -2002  $dsn/src/ALU.vhd
# Warning: DAGGEN_0523: The source is compiled without the -dbg switch. Line breakpoints and assertion debug will not be available.
# File: C:/Users/seene/Desktop/Stony Brook/Fall 2022/ESE 345/Project/Pipelined-SIMD-multimedia-unit-design/Part1/MultimediaALU/ALU/src/ALU.vhd
# Compile Entity "aluIO"
# Compile Architecture "alu" of Entity "aluIO"
# Error: COMP96_0019: ALU.vhd : (46, 67): Keyword 'then' expected.
# Error: COMP96_0015: ALU.vhd : (47, 7): ';' expected.
# Error: COMP96_0025: ALU.vhd : (48, 15): Identifier or string literal expected.
# Error: COMP96_0019: ALU.vhd : (56, 67): Keyword 'then' expected.
# Error: COMP96_0015: ALU.vhd : (57, 7): ';' expected.
# Error: COMP96_0025: ALU.vhd : (58, 15): Identifier or string literal expected.
# Error: COMP96_0019: ALU.vhd : (65, 72): Keyword 'then' expected.
# Error: COMP96_0015: ALU.vhd : (66, 7): ';' expected.
# Error: COMP96_0025: ALU.vhd : (67, 15): Identifier or string literal expected.
# Error: COMP96_0019: ALU.vhd : (75, 68): Keyword 'then' expected.
# Error: COMP96_0015: ALU.vhd : (76, 7): ';' expected.
# Error: COMP96_0025: ALU.vhd : (77, 15): Identifier or string literal expected.
# Error: COMP96_0019: ALU.vhd : (85, 72): Keyword 'then' expected.
# Error: COMP96_0015: ALU.vhd : (86, 7): ';' expected.
# Error: COMP96_0025: ALU.vhd : (87, 15): Identifier or string literal expected.
# Error: COMP96_0018: ALU.vhd : (90, 65): Identifier expected.
# Error: COMP96_0015: ALU.vhd : (94, 3): ';' expected.
# Error: COMP96_0049: ALU.vhd : (94, 35): Syntax error in expression.
# Error: COMP96_0015: ALU.vhd : (96, 11): ';' expected.
# Error: COMP96_0015: ALU.vhd : (96, 19): ';' expected.
# Error: COMP96_0015: ALU.vhd : (96, 27): ';' expected.
# Error: COMP96_0019: ALU.vhd : (96, 27): Keyword 'end' expected.
# Error: COMP96_0019: ALU.vhd : (98, 6): Keyword 'if' expected.
# Error: COMP96_0015: ALU.vhd : (98, 6): ';' expected.
# Error: COMP96_0019: ALU.vhd : (102, 2): Keyword 'end' expected.
# Error: COMP96_0018: ALU.vhd : (102, 63): Identifier expected.
# Error: COMP96_0015: ALU.vhd : (106, 3): ';' expected.
# Error: COMP96_0049: ALU.vhd : (106, 35): Syntax error in expression.
# Error: COMP96_0015: ALU.vhd : (108, 11): ';' expected.
# Error: COMP96_0015: ALU.vhd : (108, 19): ';' expected.
# Error: COMP96_0015: ALU.vhd : (108, 27): ';' expected.
# Error: COMP96_0019: ALU.vhd : (108, 27): Keyword 'end' expected.
# Error: COMP96_0019: ALU.vhd : (110, 6): Keyword 'if' expected.
# Error: COMP96_0015: ALU.vhd : (110, 6): ';' expected.
# Error: COMP96_0019: ALU.vhd : (113, 1): Keyword 'end' expected.
# Error: COMP96_0019: ALU.vhd : (114, 2): Keyword 'end' expected.
# Error: COMP96_0016: ALU.vhd : (114, 9): Design unit declaration expected.
# Error: COMP96_0019: ALU.vhd : (211, 21): Keyword 'of' expected.
# Error: COMP96_0018: ALU.vhd : (211, 21): Identifier expected.
# Compile failure 39 Errors 0 Warnings  Analysis time :  16.0 [ms]
acom -O3 -e 100 -work ALU -2002  $dsn/src/ALU.vhd
# Warning: DAGGEN_0523: The source is compiled without the -dbg switch. Line breakpoints and assertion debug will not be available.
# File: C:/Users/seene/Desktop/Stony Brook/Fall 2022/ESE 345/Project/Pipelined-SIMD-multimedia-unit-design/Part1/MultimediaALU/ALU/src/ALU.vhd
# Compile Entity "aluIO"
# Compile Architecture "alu" of Entity "aluIO"
# Error: COMP96_0019: ALU.vhd : (71, 72): Keyword 'then' expected.
# Error: COMP96_0015: ALU.vhd : (72, 7): ';' expected.
# Error: COMP96_0025: ALU.vhd : (73, 15): Identifier or string literal expected.
# Error: COMP96_0019: ALU.vhd : (81, 68): Keyword 'then' expected.
# Error: COMP96_0015: ALU.vhd : (82, 7): ';' expected.
# Error: COMP96_0025: ALU.vhd : (83, 15): Identifier or string literal expected.
# Error: COMP96_0019: ALU.vhd : (91, 72): Keyword 'then' expected.
# Error: COMP96_0015: ALU.vhd : (92, 7): ';' expected.
# Error: COMP96_0025: ALU.vhd : (93, 15): Identifier or string literal expected.
# Error: COMP96_0018: ALU.vhd : (96, 65): Identifier expected.
# Error: COMP96_0015: ALU.vhd : (100, 3): ';' expected.
# Error: COMP96_0049: ALU.vhd : (100, 35): Syntax error in expression.
# Error: COMP96_0015: ALU.vhd : (102, 11): ';' expected.
# Error: COMP96_0015: ALU.vhd : (102, 19): ';' expected.
# Error: COMP96_0015: ALU.vhd : (102, 27): ';' expected.
# Error: COMP96_0019: ALU.vhd : (102, 27): Keyword 'end' expected.
# Error: COMP96_0019: ALU.vhd : (104, 6): Keyword 'if' expected.
# Error: COMP96_0015: ALU.vhd : (104, 6): ';' expected.
# Error: COMP96_0019: ALU.vhd : (108, 2): Keyword 'end' expected.
# Error: COMP96_0018: ALU.vhd : (108, 63): Identifier expected.
# Error: COMP96_0015: ALU.vhd : (112, 3): ';' expected.
# Error: COMP96_0049: ALU.vhd : (112, 35): Syntax error in expression.
# Error: COMP96_0015: ALU.vhd : (114, 11): ';' expected.
# Error: COMP96_0015: ALU.vhd : (114, 19): ';' expected.
# Error: COMP96_0015: ALU.vhd : (114, 27): ';' expected.
# Error: COMP96_0019: ALU.vhd : (114, 27): Keyword 'end' expected.
# Error: COMP96_0019: ALU.vhd : (116, 6): Keyword 'if' expected.
# Error: COMP96_0015: ALU.vhd : (116, 6): ';' expected.
# Error: COMP96_0019: ALU.vhd : (119, 1): Keyword 'end' expected.
# Error: COMP96_0019: ALU.vhd : (120, 2): Keyword 'end' expected.
# Error: COMP96_0016: ALU.vhd : (120, 9): Design unit declaration expected.
# Error: COMP96_0019: ALU.vhd : (217, 21): Keyword 'of' expected.
# Error: COMP96_0018: ALU.vhd : (217, 21): Identifier expected.
# Compile failure 33 Errors 0 Warnings  Analysis time :  15.0 [ms]
acom -O3 -e 100 -work ALU -2002  $dsn/src/ALU.vhd
# Warning: DAGGEN_0523: The source is compiled without the -dbg switch. Line breakpoints and assertion debug will not be available.
# File: C:/Users/seene/Desktop/Stony Brook/Fall 2022/ESE 345/Project/Pipelined-SIMD-multimedia-unit-design/Part1/MultimediaALU/ALU/src/ALU.vhd
# Compile Entity "aluIO"
# Compile Architecture "alu" of Entity "aluIO"
# Error: COMP96_0027: ALU.vhd : (28, 51): Discrete range expected.
# Error: COMP96_0018: ALU.vhd : (29, 19): Identifier expected.
# Error: COMP96_0329: ALU.vhd : (31, 3): Generate statement must have a label.
# Error: COMP96_0019: ALU.vhd : (31, 19): Keyword 'generate' expected.
# Error: COMP96_0019: ALU.vhd : (33, 3): Keyword 'end' expected.
# Error: COMP96_0016: ALU.vhd : (34, 4): Design unit declaration expected.
# Error: COMP96_0019: ALU.vhd : (220, 21): Keyword 'of' expected.
# Error: COMP96_0018: ALU.vhd : (220, 21): Identifier expected.
# Compile failure 8 Errors 0 Warnings  Analysis time :  16.0 [ms]
acom -O3 -e 100 -work ALU -2002  $dsn/src/ALU.vhd
# Warning: DAGGEN_0523: The source is compiled without the -dbg switch. Line breakpoints and assertion debug will not be available.
# File: C:/Users/seene/Desktop/Stony Brook/Fall 2022/ESE 345/Project/Pipelined-SIMD-multimedia-unit-design/Part1/MultimediaALU/ALU/src/ALU.vhd
# Compile Entity "aluIO"
# Compile Architecture "alu" of Entity "aluIO"
# Error: COMP96_0019: ALU.vhd : (84, 68): Keyword 'then' expected.
# Error: COMP96_0015: ALU.vhd : (85, 7): ';' expected.
# Error: COMP96_0025: ALU.vhd : (86, 15): Identifier or string literal expected.
# Error: COMP96_0019: ALU.vhd : (94, 72): Keyword 'then' expected.
# Error: COMP96_0015: ALU.vhd : (95, 7): ';' expected.
# Error: COMP96_0025: ALU.vhd : (96, 15): Identifier or string literal expected.
# Error: COMP96_0018: ALU.vhd : (99, 65): Identifier expected.
# Error: COMP96_0015: ALU.vhd : (103, 3): ';' expected.
# Error: COMP96_0049: ALU.vhd : (103, 35): Syntax error in expression.
# Error: COMP96_0015: ALU.vhd : (105, 11): ';' expected.
# Error: COMP96_0015: ALU.vhd : (105, 19): ';' expected.
# Error: COMP96_0015: ALU.vhd : (105, 27): ';' expected.
# Error: COMP96_0019: ALU.vhd : (105, 27): Keyword 'end' expected.
# Error: COMP96_0019: ALU.vhd : (107, 6): Keyword 'if' expected.
# Error: COMP96_0015: ALU.vhd : (107, 6): ';' expected.
# Error: COMP96_0019: ALU.vhd : (111, 2): Keyword 'end' expected.
# Error: COMP96_0018: ALU.vhd : (111, 63): Identifier expected.
# Error: COMP96_0015: ALU.vhd : (115, 3): ';' expected.
# Error: COMP96_0049: ALU.vhd : (115, 35): Syntax error in expression.
# Error: COMP96_0015: ALU.vhd : (117, 11): ';' expected.
# Error: COMP96_0015: ALU.vhd : (117, 19): ';' expected.
# Error: COMP96_0015: ALU.vhd : (117, 27): ';' expected.
# Error: COMP96_0019: ALU.vhd : (117, 27): Keyword 'end' expected.
# Error: COMP96_0019: ALU.vhd : (119, 6): Keyword 'if' expected.
# Error: COMP96_0015: ALU.vhd : (119, 6): ';' expected.
# Error: COMP96_0019: ALU.vhd : (122, 1): Keyword 'end' expected.
# Error: COMP96_0019: ALU.vhd : (123, 2): Keyword 'end' expected.
# Error: COMP96_0016: ALU.vhd : (123, 9): Design unit declaration expected.
# Error: COMP96_0019: ALU.vhd : (220, 21): Keyword 'of' expected.
# Error: COMP96_0018: ALU.vhd : (220, 21): Identifier expected.
# Compile failure 30 Errors 0 Warnings  Analysis time :  16.0 [ms]
acom -O3 -e 100 -work ALU -2002  $dsn/src/ALU.vhd
# Warning: DAGGEN_0523: The source is compiled without the -dbg switch. Line breakpoints and assertion debug will not be available.
# File: C:/Users/seene/Desktop/Stony Brook/Fall 2022/ESE 345/Project/Pipelined-SIMD-multimedia-unit-design/Part1/MultimediaALU/ALU/src/ALU.vhd
# Compile Entity "aluIO"
# Compile Architecture "alu" of Entity "aluIO"
# Error: COMP96_0015: ALU.vhd : (81, 8): ')' expected.
# Error: COMP96_0015: ALU.vhd : (81, 8): ';' expected.
# Error: COMP96_0018: ALU.vhd : (81, 25): Identifier expected.
# Error: COMP96_0018: ALU.vhd : (82, 22): Identifier expected.
# Error: COMP96_0329: ALU.vhd : (84, 3): Generate statement must have a label.
# Error: COMP96_0019: ALU.vhd : (84, 19): Keyword 'generate' expected.
# Error: COMP96_0019: ALU.vhd : (86, 3): Keyword 'end' expected.
# Error: COMP96_0016: ALU.vhd : (87, 4): Design unit declaration expected.
# Error: COMP96_0019: ALU.vhd : (223, 21): Keyword 'of' expected.
# Error: COMP96_0018: ALU.vhd : (223, 21): Identifier expected.
# Compile failure 10 Errors 0 Warnings  Analysis time :  0.0 [ms]
acom -O3 -e 100 -work ALU -2002  $dsn/src/ALU.vhd
# Warning: DAGGEN_0523: The source is compiled without the -dbg switch. Line breakpoints and assertion debug will not be available.
# File: C:/Users/seene/Desktop/Stony Brook/Fall 2022/ESE 345/Project/Pipelined-SIMD-multimedia-unit-design/Part1/MultimediaALU/ALU/src/ALU.vhd
# Compile Entity "aluIO"
# Compile Architecture "alu" of Entity "aluIO"
# Error: COMP96_0018: ALU.vhd : (105, 64): Identifier expected.
# Error: COMP96_0021: ALU.vhd : (106, 7): Signal declaration not allowed in this region.
# Error: COMP96_0018: ALU.vhd : (114, 63): Identifier expected.
# Error: COMP96_0015: ALU.vhd : (118, 3): ';' expected.
# Error: COMP96_0049: ALU.vhd : (118, 35): Syntax error in expression.
# Error: COMP96_0015: ALU.vhd : (120, 11): ';' expected.
# Error: COMP96_0015: ALU.vhd : (120, 19): ';' expected.
# Error: COMP96_0015: ALU.vhd : (120, 27): ';' expected.
# Error: COMP96_0019: ALU.vhd : (120, 27): Keyword 'end' expected.
# Error: COMP96_0019: ALU.vhd : (122, 6): Keyword 'if' expected.
# Error: COMP96_0015: ALU.vhd : (122, 6): ';' expected.
# Error: COMP96_0019: ALU.vhd : (125, 1): Keyword 'end' expected.
# Error: COMP96_0019: ALU.vhd : (126, 2): Keyword 'end' expected.
# Error: COMP96_0016: ALU.vhd : (126, 9): Design unit declaration expected.
# Error: COMP96_0019: ALU.vhd : (223, 21): Keyword 'of' expected.
# Error: COMP96_0018: ALU.vhd : (223, 21): Identifier expected.
# Compile failure 16 Errors 0 Warnings  Analysis time :  0.0 [ms]
acom -O3 -e 100 -work ALU -2002  $dsn/src/ALU.vhd
# Warning: DAGGEN_0523: The source is compiled without the -dbg switch. Line breakpoints and assertion debug will not be available.
# File: C:/Users/seene/Desktop/Stony Brook/Fall 2022/ESE 345/Project/Pipelined-SIMD-multimedia-unit-design/Part1/MultimediaALU/ALU/src/ALU.vhd
# Compile Entity "aluIO"
# Compile Architecture "alu" of Entity "aluIO"
# Error: COMP96_0021: ALU.vhd : (106, 7): Signal declaration not allowed in this region.
# Error: COMP96_0018: ALU.vhd : (114, 63): Identifier expected.
# Error: COMP96_0015: ALU.vhd : (118, 3): ';' expected.
# Error: COMP96_0049: ALU.vhd : (118, 35): Syntax error in expression.
# Error: COMP96_0015: ALU.vhd : (120, 11): ';' expected.
# Error: COMP96_0015: ALU.vhd : (120, 19): ';' expected.
# Error: COMP96_0015: ALU.vhd : (120, 27): ';' expected.
# Error: COMP96_0019: ALU.vhd : (120, 27): Keyword 'end' expected.
# Error: COMP96_0019: ALU.vhd : (122, 6): Keyword 'if' expected.
# Error: COMP96_0015: ALU.vhd : (122, 6): ';' expected.
# Error: COMP96_0019: ALU.vhd : (125, 1): Keyword 'end' expected.
# Error: COMP96_0019: ALU.vhd : (126, 2): Keyword 'end' expected.
# Error: COMP96_0016: ALU.vhd : (126, 9): Design unit declaration expected.
# Error: COMP96_0019: ALU.vhd : (223, 21): Keyword 'of' expected.
# Error: COMP96_0018: ALU.vhd : (223, 21): Identifier expected.
# Compile failure 15 Errors 0 Warnings  Analysis time :  0.0 [ms]
acom -O3 -e 100 -work ALU -2002  $dsn/src/ALU.vhd
# Warning: DAGGEN_0523: The source is compiled without the -dbg switch. Line breakpoints and assertion debug will not be available.
# File: C:/Users/seene/Desktop/Stony Brook/Fall 2022/ESE 345/Project/Pipelined-SIMD-multimedia-unit-design/Part1/MultimediaALU/ALU/src/ALU.vhd
# Compile Entity "aluIO"
# Compile Architecture "alu" of Entity "aluIO"
# Error: COMP96_0018: ALU.vhd : (114, 63): Identifier expected.
# Error: COMP96_0015: ALU.vhd : (118, 3): ';' expected.
# Error: COMP96_0049: ALU.vhd : (118, 35): Syntax error in expression.
# Error: COMP96_0015: ALU.vhd : (120, 11): ';' expected.
# Error: COMP96_0015: ALU.vhd : (120, 19): ';' expected.
# Error: COMP96_0015: ALU.vhd : (120, 27): ';' expected.
# Error: COMP96_0019: ALU.vhd : (120, 27): Keyword 'end' expected.
# Error: COMP96_0019: ALU.vhd : (122, 6): Keyword 'if' expected.
# Error: COMP96_0015: ALU.vhd : (122, 6): ';' expected.
# Error: COMP96_0019: ALU.vhd : (125, 1): Keyword 'end' expected.
# Error: COMP96_0019: ALU.vhd : (126, 2): Keyword 'end' expected.
# Error: COMP96_0016: ALU.vhd : (126, 9): Design unit declaration expected.
# Error: COMP96_0019: ALU.vhd : (223, 21): Keyword 'of' expected.
# Error: COMP96_0018: ALU.vhd : (223, 21): Identifier expected.
# Compile failure 14 Errors 0 Warnings  Analysis time :  16.0 [ms]
acom -O3 -e 100 -work ALU -2002  $dsn/src/ALU.vhd
# Warning: DAGGEN_0523: The source is compiled without the -dbg switch. Line breakpoints and assertion debug will not be available.
# File: C:/Users/seene/Desktop/Stony Brook/Fall 2022/ESE 345/Project/Pipelined-SIMD-multimedia-unit-design/Part1/MultimediaALU/ALU/src/ALU.vhd
# Compile Entity "aluIO"
# Compile Architecture "alu" of Entity "aluIO"
# Error: COMP96_0015: ALU.vhd : (113, 2): ';' expected.
# Error: COMP96_0018: ALU.vhd : (117, 63): Identifier expected.
# Error: COMP96_0015: ALU.vhd : (121, 3): ';' expected.
# Error: COMP96_0049: ALU.vhd : (121, 35): Syntax error in expression.
# Error: COMP96_0015: ALU.vhd : (123, 11): ';' expected.
# Error: COMP96_0015: ALU.vhd : (123, 19): ';' expected.
# Error: COMP96_0015: ALU.vhd : (123, 27): ';' expected.
# Error: COMP96_0019: ALU.vhd : (123, 27): Keyword 'end' expected.
# Error: COMP96_0019: ALU.vhd : (125, 6): Keyword 'if' expected.
# Error: COMP96_0015: ALU.vhd : (125, 6): ';' expected.
# Error: COMP96_0019: ALU.vhd : (128, 1): Keyword 'end' expected.
# Error: COMP96_0019: ALU.vhd : (129, 2): Keyword 'end' expected.
# Error: COMP96_0016: ALU.vhd : (129, 9): Design unit declaration expected.
# Error: COMP96_0019: ALU.vhd : (226, 21): Keyword 'of' expected.
# Error: COMP96_0018: ALU.vhd : (226, 21): Identifier expected.
# Compile failure 15 Errors 0 Warnings  Analysis time :  0.0 [ms]
acom -O3 -e 100 -work ALU -2002  $dsn/src/ALU.vhd
# Warning: DAGGEN_0523: The source is compiled without the -dbg switch. Line breakpoints and assertion debug will not be available.
# File: C:/Users/seene/Desktop/Stony Brook/Fall 2022/ESE 345/Project/Pipelined-SIMD-multimedia-unit-design/Part1/MultimediaALU/ALU/src/ALU.vhd
# Compile Entity "aluIO"
# Compile Architecture "alu" of Entity "aluIO"
# Error: COMP96_0018: ALU.vhd : (115, 63): Identifier expected.
# Error: COMP96_0015: ALU.vhd : (119, 3): ';' expected.
# Error: COMP96_0049: ALU.vhd : (119, 35): Syntax error in expression.
# Error: COMP96_0015: ALU.vhd : (121, 11): ';' expected.
# Error: COMP96_0015: ALU.vhd : (121, 19): ';' expected.
# Error: COMP96_0015: ALU.vhd : (121, 27): ';' expected.
# Error: COMP96_0019: ALU.vhd : (121, 27): Keyword 'end' expected.
# Error: COMP96_0019: ALU.vhd : (123, 6): Keyword 'if' expected.
# Error: COMP96_0015: ALU.vhd : (123, 6): ';' expected.
# Error: COMP96_0019: ALU.vhd : (126, 1): Keyword 'end' expected.
# Error: COMP96_0019: ALU.vhd : (127, 2): Keyword 'end' expected.
# Error: COMP96_0016: ALU.vhd : (127, 9): Design unit declaration expected.
# Error: COMP96_0019: ALU.vhd : (224, 21): Keyword 'of' expected.
# Error: COMP96_0018: ALU.vhd : (224, 21): Identifier expected.
# Compile failure 14 Errors 0 Warnings  Analysis time :  0.0 [ms]
acom -O3 -e 100 -work ALU -2002  $dsn/src/ALU.vhd
# Warning: DAGGEN_0523: The source is compiled without the -dbg switch. Line breakpoints and assertion debug will not be available.
# File: C:/Users/seene/Desktop/Stony Brook/Fall 2022/ESE 345/Project/Pipelined-SIMD-multimedia-unit-design/Part1/MultimediaALU/ALU/src/ALU.vhd
# Compile Entity "aluIO"
# Compile Architecture "alu" of Entity "aluIO"
# Error: COMP96_0018: ALU.vhd : (115, 63): Identifier expected.
# Error: COMP96_0015: ALU.vhd : (119, 3): ';' expected.
# Error: COMP96_0049: ALU.vhd : (119, 35): Syntax error in expression.
# Error: COMP96_0015: ALU.vhd : (121, 11): ';' expected.
# Error: COMP96_0015: ALU.vhd : (121, 19): ';' expected.
# Error: COMP96_0015: ALU.vhd : (121, 27): ';' expected.
# Error: COMP96_0019: ALU.vhd : (121, 27): Keyword 'end' expected.
# Error: COMP96_0019: ALU.vhd : (123, 6): Keyword 'if' expected.
# Error: COMP96_0015: ALU.vhd : (123, 6): ';' expected.
# Error: COMP96_0019: ALU.vhd : (126, 1): Keyword 'end' expected.
# Error: COMP96_0019: ALU.vhd : (127, 2): Keyword 'end' expected.
# Error: COMP96_0016: ALU.vhd : (127, 9): Design unit declaration expected.
# Error: COMP96_0019: ALU.vhd : (224, 21): Keyword 'of' expected.
# Error: COMP96_0018: ALU.vhd : (224, 21): Identifier expected.
# Compile failure 14 Errors 0 Warnings  Analysis time :  16.0 [ms]
acom -O3 -e 100 -work ALU -2002  $dsn/src/ALU.vhd
# Warning: DAGGEN_0523: The source is compiled without the -dbg switch. Line breakpoints and assertion debug will not be available.
# File: C:/Users/seene/Desktop/Stony Brook/Fall 2022/ESE 345/Project/Pipelined-SIMD-multimedia-unit-design/Part1/MultimediaALU/ALU/src/ALU.vhd
# Compile Entity "aluIO"
# Compile Architecture "alu" of Entity "aluIO"
# Error: COMP96_0018: ALU.vhd : (115, 63): Identifier expected.
# Error: COMP96_0015: ALU.vhd : (119, 3): ';' expected.
# Error: COMP96_0049: ALU.vhd : (119, 35): Syntax error in expression.
# Error: COMP96_0015: ALU.vhd : (121, 11): ';' expected.
# Error: COMP96_0015: ALU.vhd : (121, 19): ';' expected.
# Error: COMP96_0015: ALU.vhd : (121, 27): ';' expected.
# Error: COMP96_0019: ALU.vhd : (121, 27): Keyword 'end' expected.
# Error: COMP96_0019: ALU.vhd : (123, 6): Keyword 'if' expected.
# Error: COMP96_0015: ALU.vhd : (123, 6): ';' expected.
# Error: COMP96_0019: ALU.vhd : (126, 1): Keyword 'end' expected.
# Error: COMP96_0019: ALU.vhd : (127, 2): Keyword 'end' expected.
# Error: COMP96_0016: ALU.vhd : (127, 9): Design unit declaration expected.
# Error: COMP96_0019: ALU.vhd : (224, 21): Keyword 'of' expected.
# Error: COMP96_0018: ALU.vhd : (224, 21): Identifier expected.
# Compile failure 14 Errors 0 Warnings  Analysis time :  0.0 [ms]
acom -O3 -e 100 -work ALU -2002  $dsn/src/ALU.vhd
# Warning: DAGGEN_0523: The source is compiled without the -dbg switch. Line breakpoints and assertion debug will not be available.
# File: C:/Users/seene/Desktop/Stony Brook/Fall 2022/ESE 345/Project/Pipelined-SIMD-multimedia-unit-design/Part1/MultimediaALU/ALU/src/ALU.vhd
# Compile Entity "aluIO"
# Compile Architecture "alu" of Entity "aluIO"
# Error: COMP96_0019: ALU.vhd : (127, 2): Keyword 'end' expected.
# Error: COMP96_0016: ALU.vhd : (127, 9): Design unit declaration expected.
# Error: COMP96_0019: ALU.vhd : (224, 21): Keyword 'of' expected.
# Error: COMP96_0018: ALU.vhd : (224, 21): Identifier expected.
# Compile failure 4 Errors 0 Warnings  Analysis time :  15.0 [ms]
acom -O3 -e 100 -work ALU -2002  $dsn/src/ALU.vhd
# Warning: DAGGEN_0523: The source is compiled without the -dbg switch. Line breakpoints and assertion debug will not be available.
# File: C:/Users/seene/Desktop/Stony Brook/Fall 2022/ESE 345/Project/Pipelined-SIMD-multimedia-unit-design/Part1/MultimediaALU/ALU/src/ALU.vhd
# Compile Entity "aluIO"
# Compile Architecture "alu" of Entity "aluIO"
# Error: COMP96_0019: ALU.vhd : (127, 2): Keyword 'end' expected.
# Error: COMP96_0016: ALU.vhd : (127, 9): Design unit declaration expected.
# Error: COMP96_0019: ALU.vhd : (224, 21): Keyword 'of' expected.
# Error: COMP96_0018: ALU.vhd : (224, 21): Identifier expected.
# Compile failure 4 Errors 0 Warnings  Analysis time :  0.0 [ms]
acom -O3 -e 100 -work ALU -2002  $dsn/src/ALU.vhd
# Warning: DAGGEN_0523: The source is compiled without the -dbg switch. Line breakpoints and assertion debug will not be available.
# File: C:/Users/seene/Desktop/Stony Brook/Fall 2022/ESE 345/Project/Pipelined-SIMD-multimedia-unit-design/Part1/MultimediaALU/ALU/src/ALU.vhd
# Compile Entity "aluIO"
# Compile Architecture "alu" of Entity "aluIO"
# Error: COMP96_0018: ALU.vhd : (126, 18): Identifier expected.
# Error: COMP96_0018: ALU.vhd : (127, 19): Identifier expected.
# Error: COMP96_0049: ALU.vhd : (131, 28): Syntax error in expression.
# Error: COMP96_0049: ALU.vhd : (145, 31): Syntax error in expression.
# Error: COMP96_0049: ALU.vhd : (159, 31): Syntax error in expression.
# Error: COMP96_0049: ALU.vhd : (173, 31): Syntax error in expression.
# Error: COMP96_0049: ALU.vhd : (187, 31): Syntax error in expression.
# Error: COMP96_0049: ALU.vhd : (196, 31): Syntax error in expression.
# Error: COMP96_0049: ALU.vhd : (204, 31): Syntax error in expression.
# Error: COMP96_0049: ALU.vhd : (212, 31): Syntax error in expression.
# Compile failure 10 Errors 0 Warnings  Analysis time :  15.0 [ms]
acom -O3 -e 100 -work ALU -2002  $dsn/src/ALU.vhd
# Warning: DAGGEN_0523: The source is compiled without the -dbg switch. Line breakpoints and assertion debug will not be available.
# File: C:/Users/seene/Desktop/Stony Brook/Fall 2022/ESE 345/Project/Pipelined-SIMD-multimedia-unit-design/Part1/MultimediaALU/ALU/src/ALU.vhd
# Compile Entity "aluIO"
# Compile Architecture "alu" of Entity "aluIO"
# Error: COMP96_0